  GeoWars.cpp
  Blue.cpp
  Delay.cpp
  Explosion.cpp
  Green.cpp
  Hud.cpp
  Magenta.cpp
  Missile.cpp
  Orange.cpp
  Player.cpp
  WallHit.cpp
  WaveB.cpp
  WaveG.cpp
  WaveM.cpp
  WaveO.cpp
  Gerando código
  491 of 504 functions (97.4%) were compiled, the rest were copied from previous compilation.
    2 functions were new in current compilation
    2 functions had inline decision re-evaluated but remain unchanged
  Finalizada a geração de código
  GeoWars.vcxproj -> C:\Users\Paulo\git\final-game\FinalGame\GeoWars\x64\Release\GeoWars.exe
